============================= test session starts ==============================
platform darwin -- Python 3.9.6, pytest-7.4.0, pluggy-1.6.0 -- /Users/ambermooney/Desktop/TAAIP/.venv/bin/python3
cachedir: .pytest_cache
rootdir: /Users/ambermooney/Desktop/TAAIP
plugins: anyio-4.11.0
collecting ... collected 99 items / 2 skipped

test_taaip_ai_lms.py::test_ai_train_and_predict PASSED                   [  1%]
test_taaip_ai_lms.py::test_lms_enroll_and_progress_and_stats PASSED      [  2%]
test_taaip_exports_v2.py::test_exports_endpoints_v2 PASSED               [  3%]
test_taaip_features.py::test_api_health PASSED                           [  4%]
test_taaip_features.py::test_company_standings PASSED                    [  5%]
test_taaip_features.py::test_user_access PASSED                          [  6%]
test_taaip_features.py::test_helpdesk_submission PASSED                  [  7%]
test_taaip_features.py::test_helpdesk_retrieval PASSED                   [  8%]
test_taaip_features.py::test_standings_update PASSED                     [  9%]
test_taaip_features.py::test_brigade_filtering PASSED                    [ 10%]
test_taaip_kpis.py::test_kpis_basic_and_with_budget PASSED               [ 11%]
test_taaip_marketing.py::test_record_and_analytics PASSED                [ 12%]
test_taaip_marketing.py::test_sources_and_sync PASSED                    [ 13%]
test_taaip_marketing.py::test_funnel_attribution_endpoint FAILED         [ 14%]
test_taaip_segmentation.py::test_ingest_survey_and_segment PASSED        [ 15%]
test_taaip_segmentation.py::test_ingest_census_and_social PASSED         [ 16%]
services/api/app/tests/test_ai_lms_refinement.py::test_structured_explanation_shape PASSED [ 17%]
services/api/app/tests/test_ai_lms_refinement.py::test_doctrine_rule_mapping PASSED [ 18%]
services/api/app/tests/test_ai_lms_refinement.py::test_confidence_bounds_and_drop PASSED [ 19%]
services/api/app/tests/test_command_center_smoke.py::test_command_center_endpoints_load PASSED [ 20%]
services/api/app/tests/test_command_center_smoke.py::test_command_center_partial_failure_resilience PASSED [ 21%]
services/api/app/tests/test_command_center_smoke.py::test_command_center_empty_state_structure PASSED [ 22%]
services/api/app/tests/test_confidence_module.py::test_confidence_high_alignment_high_quality PASSED [ 23%]
services/api/app/tests/test_confidence_module.py::test_confidence_high_alignment_low_quality PASSED [ 24%]
services/api/app/tests/test_confidence_module.py::test_confidence_conflict_penalty PASSED [ 25%]
services/api/app/tests/test_confidence_module.py::test_confidence_no_match_weak_evidence_low PASSED [ 26%]
services/api/app/tests/test_doctrine_mapping.py::test_doctrine_engine_triggers_targeting_rule PASSED [ 27%]
services/api/app/tests/test_doctrine_mapping.py::test_doctrine_engine_mission_capacity PASSED [ 28%]
services/api/app/tests/test_doctrine_mapping.py::test_ai_lms_includes_doctrine_struct PASSED [ 29%]
services/api/app/tests/test_doctrine_rules_expanded.py::test_single_rule_trigger_age_density PASSED [ 30%]
services/api/app/tests/test_doctrine_rules_expanded.py::test_multiple_rule_triggers_market_and_school PASSED [ 31%]
services/api/app/tests/test_doctrine_rules_expanded.py::test_conflicting_conditions_flagged PASSED [ 32%]
services/api/app/tests/test_doctrine_rules_expanded.py::test_no_match_fallback_integration_with_ai_lms PASSED [ 33%]
services/api/app/tests/test_fusion_engine_api.py::test_fusion_run_and_latest_endpoints_create_and_return_rows PASSED [ 34%]
services/api/app/tests/test_market_health_math.py::test_compute_market_health_basic_properties PASSED [ 35%]
services/api/app/tests/test_market_health_math.py::test_risk_penalty_reduces_supportability PASSED [ 36%]
services/api/app/tests/test_mission_allocation_market_health_integration.py::test_mal_uses_market_health_when_present PASSED [ 37%]
services/api/app/tests/test_mission_risk.py::test_mission_risk_bounds_and_components PASSED [ 38%]
services/api/app/tests/test_mission_risk.py::test_mission_risk_persistence_and_api_shape PASSED [ 39%]
services/api/app/tests/test_mission_risk_endpoints_and_integration.py::test_mission_risk_run_and_persistence PASSED [ 40%]
services/api/app/tests/test_mission_risk_endpoints_and_integration.py::test_mission_risk_latest_and_filtering PASSED [ 41%]
services/api/app/tests/test_mission_risk_endpoints_and_integration.py::test_mal_integration_with_and_without_mission_risk PASSED [ 42%]
services/api/app/tests/test_pmesii_ascope_rules.py::test_political_low_risk_triggers PASSED [ 43%]
services/api/app/tests/test_pmesii_ascope_rules.py::test_social_unrest_penalty PASSED [ 44%]
services/api/app/tests/test_pmesii_ascope_rules.py::test_ascope_information_and_structures PASSED [ 45%]
services/api/app/tests/test_pmesii_ascope_rules.py::test_population_transient_flagged PASSED [ 46%]
services/api/app/tests/test_school_targeting_api.py::test_school_scoring_math_basic PASSED [ 47%]
services/api/app/tests/test_school_targeting_api.py::test_school_targeting_endpoint_and_persistence PASSED [ 48%]
services/api/tests/test_budget_dashboard.py::test_budget_dashboard_kpis_and_csv 